#
# There is insufficient memory for the Java Runtime Environment to continue.
# Native memory allocation (mmap) failed to map 2097152 bytes for G1 virtual space
# Possible reasons:
#   The system is out of physical RAM or swap space
#   The process is running with CompressedOops enabled, and the Java Heap may be blocking the growth of the native heap
# Possible solutions:
#   Reduce memory load on the system
#   Increase physical memory or swap space
#   Check if swap backing store is full
#   Decrease Java heap size (-Xmx/-Xms)
#   Decrease number of Java threads
#   Decrease Java thread stack sizes (-Xss)
#   Set larger code cache with -XX:ReservedCodeCacheSize=
#   JVM is running with Unscaled Compressed Oops mode in which the Java heap is
#     placed in the first 4GB address space. The Java Heap base address is the
#     maximum limit for the native heap growth. Please use -XX:HeapBaseMinAddress
#     to set the Java Heap base and to place the Java Heap above 4GB virtual address.
# This output file may be truncated or incomplete.
#
#  Out of Memory Error (os_windows.cpp:3548), pid=10384, tid=9560
#
# JRE version:  (17.0.12+8) (build )
# Java VM: Java HotSpot(TM) 64-Bit Server VM (17.0.12+8-LTS-286, mixed mode, sharing, tiered, compressed oops, compressed class ptrs, g1 gc, windows-amd64)
# No core dump will be written. Minidumps are not enabled by default on client versions of Windows
#

---------------  S U M M A R Y ------------

Command Line: ShoppingManagement

Host: Intel(R) Pentium(R) CPU G2030 @ 3.00GHz, 2 cores, 7G,  Windows 10 , 64 bit Build 19041 (10.0.19041.5915)
Time: Tue Jul  1 17:50:24 2025 India Standard Time elapsed time: 0.018881 seconds (0d 0h 0m 0s)

---------------  T H R E A D  ---------------

Current thread (0x00000165c5093e80):  JavaThread "Unknown thread" [_thread_in_vm, id=9560, stack(0x00000028dbc00000,0x00000028dbd00000)]

Stack: [0x00000028dbc00000,0x00000028dbd00000]
Native frames: (J=compiled Java code, j=interpreted, Vv=VM code, C=native code)
V  [jvm.dll+0x67a04a]
V  [jvm.dll+0x7da4ed]
V  [jvm.dll+0x7dbe33]
V  [jvm.dll+0x7dc4a3]
V  [jvm.dll+0x24508f]
V  [jvm.dll+0x677089]
V  [jvm.dll+0x66bd32]
V  [jvm.dll+0x301fa6]
V  [jvm.dll+0x309546]
V  [jvm.dll+0x359d43]
V  [jvm.dll+0x359f5f]
V  [jvm.dll+0x2d9078]
V  [jvm.dll+0x2d9fe4]
V  [jvm.dll+0x7aca21]
V  [jvm.dll+0x367591]
V  [jvm.dll+0x78b999]
V  [jvm.dll+0x3ec83f]
V  [jvm.dll+0x3ee471]
C  [jli.dll+0x5297]
C  [ucrtbase.dll+0x21bb2]
C  [KERNEL32.DLL+0x17374]
C  [ntdll.dll+0x4cc91]


---------------  P R O C E S S  ---------------

Threads class SMR info:
_java_thread_list=0x00007ff9425e7a18, length=0, elements={
}

Java Threads: ( => current thread )

Other Threads:
  0x00000165c50ee510 GCTaskThread "GC Thread#0" [stack: 0x00000028dbd00000,0x00000028dbe00000] [id=684]
  0x00000165c5100040 ConcurrentGCThread "G1 Main Marker" [stack: 0x00000028dbe00000,0x00000028dbf00000] [id=292]
  0x00000165c5102110 ConcurrentGCThread "G1 Conc#0" [stack: 0x00000028dbf00000,0x00000028dc000000] [id=3916]

[error occurred during error reporting (printing all threads), id 0xc0000005, EXCEPTION_ACCESS_VIOLATION (0xc0000005) at pc=0x00007ff941e19b67]

VM state: not at safepoint (not fully initialized)

VM Mutex/Monitor currently owned by a thread:  ([mutex/lock_event])
[0x00000165c4f7bea0] Heap_lock - owner thread: 0x00000165c5093e80

Heap address: 0x0000000081a00000, size: 2022 MB, Compressed Oops mode: 32-bit

CDS archive(s) mapped at: [0x0000000000000000-0x0000000000000000-0x0000000000000000), size 0, SharedBaseAddress: 0x0000000800000000, ArchiveRelocationMode: 1.
Narrow klass base: 0x0000000000000000, Narrow klass shift: 0, Narrow klass range: 0x0

GC Precious Log:
<Empty>

Heap:
 garbage-first heap   total 0K, used 0K [0x0000000081a00000, 0x0000000100000000)
  region size 1024K, 0 young (0K), 0 survivors (0K)

[error occurred during error reporting (printing heap information), id 0xc0000005, EXCEPTION_ACCESS_VIOLATION (0xc0000005) at pc=0x00007ff942203859]

GC Heap History (0 events):
No events

Deoptimization events (0 events):
No events

Classes unloaded (0 events):
No events

Classes redefined (0 events):
No events

Internal exceptions (0 events):
No events

VM Operations (0 events):
No events

Events (1 events):
Event: 0.007 Loaded shared library C:\Program Files\Java\jdk-17\bin\java.dll


Dynamic libraries:
0x00007ff78c710000 - 0x00007ff78c720000 	C:\Program Files\Java\jdk-17\bin\java.exe
0x00007ff973cf0000 - 0x00007ff973ee8000 	C:\Windows\SYSTEM32\ntdll.dll
0x00007ff971d10000 - 0x00007ff971dd2000 	C:\Windows\System32\KERNEL32.DLL
0x00007ff971700000 - 0x00007ff9719f6000 	C:\Windows\System32\KERNELBASE.dll
0x00007ff971ab0000 - 0x00007ff971bb0000 	C:\Windows\System32\ucrtbase.dll
0x00007ff9592d0000 - 0x00007ff9592eb000 	C:\Program Files\Java\jdk-17\bin\VCRUNTIME140.dll
0x00007ff954160000 - 0x00007ff954179000 	C:\Program Files\Java\jdk-17\bin\jli.dll
0x00007ff971f10000 - 0x00007ff971fc1000 	C:\Windows\System32\ADVAPI32.dll
0x00007ff972490000 - 0x00007ff97252e000 	C:\Windows\System32\msvcrt.dll
0x00007ff971de0000 - 0x00007ff971e7f000 	C:\Windows\System32\sechost.dll
0x00007ff9730b0000 - 0x00007ff9731d3000 	C:\Windows\System32\RPCRT4.dll
0x00007ff971bb0000 - 0x00007ff971bd7000 	C:\Windows\System32\bcrypt.dll
0x00007ff9731e0000 - 0x00007ff97337d000 	C:\Windows\System32\USER32.dll
0x00007ff971a80000 - 0x00007ff971aa2000 	C:\Windows\System32\win32u.dll
0x00007ff964e80000 - 0x00007ff96511a000 	C:\Windows\WinSxS\amd64_microsoft.windows.common-controls_6595b64144ccf1df_6.0.19041.5915_none_60b4b9d171f9c7c7\COMCTL32.dll
0x00007ff973b50000 - 0x00007ff973b7b000 	C:\Windows\System32\GDI32.dll
0x00007ff9715e0000 - 0x00007ff9716f9000 	C:\Windows\System32\gdi32full.dll
0x00007ff971be0000 - 0x00007ff971c7d000 	C:\Windows\System32\msvcp_win.dll
0x00007ff965160000 - 0x00007ff96516a000 	C:\Windows\SYSTEM32\VERSION.dll
0x00007ff973080000 - 0x00007ff9730af000 	C:\Windows\System32\IMM32.DLL
0x00007ff96cac0000 - 0x00007ff96cacc000 	C:\Program Files\Java\jdk-17\bin\vcruntime140_1.dll
0x00007ff944400000 - 0x00007ff94448e000 	C:\Program Files\Java\jdk-17\bin\msvcp140.dll
0x00007ff941b30000 - 0x00007ff942710000 	C:\Program Files\Java\jdk-17\bin\server\jvm.dll
0x00007ff971f00000 - 0x00007ff971f08000 	C:\Windows\System32\PSAPI.DLL
0x00007ff95d5c0000 - 0x00007ff95d5c9000 	C:\Windows\SYSTEM32\WSOCK32.dll
0x00007ff965130000 - 0x00007ff965157000 	C:\Windows\SYSTEM32\WINMM.dll
0x00007ff972370000 - 0x00007ff9723db000 	C:\Windows\System32\WS2_32.dll
0x00007ff96f220000 - 0x00007ff96f232000 	C:\Windows\SYSTEM32\kernel.appcore.dll
0x00007ff966570000 - 0x00007ff96657a000 	C:\Program Files\Java\jdk-17\bin\jimage.dll
0x00007ff965180000 - 0x00007ff965381000 	C:\Windows\SYSTEM32\DBGHELP.DLL
0x00007ff964090000 - 0x00007ff9640c4000 	C:\Windows\SYSTEM32\dbgcore.DLL
0x00007ff971c80000 - 0x00007ff971d02000 	C:\Windows\System32\bcryptPrimitives.dll
0x00007ff94cbb0000 - 0x00007ff94cbd5000 	C:\Program Files\Java\jdk-17\bin\java.dll

dbghelp: loaded successfully - version: 4.0.5 - missing functions: none
symbol engine: initialized successfully - sym options: 0x614 - pdb path: .;C:\Program Files\Java\jdk-17\bin;C:\Windows\SYSTEM32;C:\Windows\WinSxS\amd64_microsoft.windows.common-controls_6595b64144ccf1df_6.0.19041.5915_none_60b4b9d171f9c7c7;C:\Program Files\Java\jdk-17\bin\server

VM Arguments:
java_command: ShoppingManagement
java_class_path (initial): .
Launcher Type: SUN_STANDARD

[Global flags]
     intx CICompilerCount                          = 2                                         {product} {ergonomic}
     uint ConcGCThreads                            = 1                                         {product} {ergonomic}
     uint G1ConcRefinementThreads                  = 2                                         {product} {ergonomic}
   size_t G1HeapRegionSize                         = 1048576                                   {product} {ergonomic}
    uintx GCDrainStackTargetSize                   = 64                                        {product} {ergonomic}
   size_t InitialHeapSize                          = 134217728                                 {product} {ergonomic}
   size_t MarkStackSize                            = 4194304                                   {product} {ergonomic}
   size_t MaxHeapSize                              = 2120220672                                {product} {ergonomic}
   size_t MinHeapDeltaBytes                        = 1048576                                   {product} {ergonomic}
   size_t MinHeapSize                              = 8388608                                   {product} {ergonomic}
    uintx NonNMethodCodeHeapSize                   = 5826188                                {pd product} {ergonomic}
    uintx NonProfiledCodeHeapSize                  = 122916026                              {pd product} {ergonomic}
    uintx ProfiledCodeHeapSize                     = 122916026                              {pd product} {ergonomic}
    uintx ReservedCodeCacheSize                    = 251658240                              {pd product} {ergonomic}
     bool SegmentedCodeCache                       = true                                      {product} {ergonomic}
   size_t SoftMaxHeapSize                          = 2120220672                             {manageable} {ergonomic}
     bool UseCompressedClassPointers               = true                           {product lp64_product} {ergonomic}
     bool UseCompressedOops                        = true                           {product lp64_product} {ergonomic}
     bool UseG1GC                                  = true                                      {product} {ergonomic}
     bool UseLargePagesIndividualAllocation        = false                                  {pd product} {ergonomic}

Logging:
Log output configuration:
 #0: stdout all=warning uptime,level,tags
 #1: stderr all=off uptime,level,tags

Environment Variables:
PATH=C:\Program Files\Common Files\Oracle\Java\javapath;C:\Users\LIVEWIRE\Documents\sql\WINDOWS.X64_193000_db_home\bin;C:\Windows\system32;C:\Windows;C:\Windows\System32\Wbem;C:\Windows\System32\WindowsPowerShell\v1.0\;C:\Windows\System32\OpenSSH\;C:\Program Files\nodejs\;C:\MinGW\bin;C:\Windows\Microsoft.NET\Framework\v4.0.30319;C:\Program Files (x86)\Microsoft SQL Server\160\DTS\Binn\;C:\Program Files\Geth;C:\Users\LIVEWIRE\AppData\Local\Programs\Python\Python313\Scripts\;C:\Users\LIVEWIRE\AppData\Local\Programs\Python\Python313\;C:\Users\LIVEWIRE\AppData\Local\Programs\Python\Launcher\;C:\Users\LIVEWIRE\AppData\Local\Microsoft\WindowsApps;C:\Users\LIVEWIRE\AppData\Local\Programs\Microsoft VS Code\bin;C:\Users\LIVEWIRE\AppData\Roaming\npm;C:\Users\LIVEWIRE\AppData\Local\GitHubDesktop\bin;C:\MinGW\bin;C:\Windows\Microsoft.NET\Framework\v4.0.30319;
USERNAME=LIVEWIRE
OS=Windows_NT
PROCESSOR_IDENTIFIER=Intel64 Family 6 Model 58 Stepping 9, GenuineIntel



---------------  S Y S T E M  ---------------

OS:
 Windows 10 , 64 bit Build 19041 (10.0.19041.5915)
OS uptime: 0 days 5:30 hours

CPU: total 2 (initial active 2) (2 cores per cpu, 1 threads per core) family 6 model 58 stepping 9 microcode 0x21, cx8, cmov, fxsr, mmx, sse, sse2, sse3, ssse3, sse4.1, sse4.2, popcnt, tsc, tscinvbit, erms, clmul, clflush

Memory: 4k page, system-wide physical 8081M (1922M free)
TotalPageFile size 10913M (AvailPageFile size 6M)
current process WorkingSet (physical memory assigned to process): 10M, peak: 10M
current process commit charge ("private bytes"): 176M, peak: 177M

vm_info: Java HotSpot(TM) 64-Bit Server VM (17.0.12+8-LTS-286) for windows-amd64 JRE (17.0.12+8-LTS-286), built on Jun  5 2024 06:46:59 by "mach5one" with MS VC++ 17.6 (VS2022)

END.
