#
# There is insufficient memory for the Java Runtime Environment to continue.
# Native memory allocation (mmap) failed to map 17825792 bytes for G1 virtual space
# Possible reasons:
#   The system is out of physical RAM or swap space
#   The process is running with CompressedOops enabled, and the Java Heap may be blocking the growth of the native heap
# Possible solutions:
#   Reduce memory load on the system
#   Increase physical memory or swap space
#   Check if swap backing store is full
#   Decrease Java heap size (-Xmx/-Xms)
#   Decrease number of Java threads
#   Decrease Java thread stack sizes (-Xss)
#   Set larger code cache with -XX:ReservedCodeCacheSize=
#   JVM is running with Unscaled Compressed Oops mode in which the Java heap is
#     placed in the first 4GB address space. The Java Heap base address is the
#     maximum limit for the native heap growth. Please use -XX:HeapBaseMinAddress
#     to set the Java Heap base and to place the Java Heap above 4GB virtual address.
# This output file may be truncated or incomplete.
#
#  Out of Memory Error (os_windows.cpp:3548), pid=7804, tid=7876
#
# JRE version: Java(TM) SE Runtime Environment (17.0.12+8) (build 17.0.12+8-LTS-286)
# Java VM: Java HotSpot(TM) 64-Bit Server VM (17.0.12+8-LTS-286, mixed mode, sharing, tiered, compressed oops, compressed class ptrs, g1 gc, windows-amd64)
# No core dump will be written. Minidumps are not enabled by default on client versions of Windows
#

---------------  S U M M A R Y ------------

Command Line: -Dapplication.home=C:\Program Files\Java\jdk-17 --add-modules=ALL-DEFAULT -Xms8m -Djdk.module.main=jdk.compiler jdk.compiler/com.sun.tools.javac.Main Register.java

Host: Intel(R) Core(TM) i3-6100 CPU @ 3.70GHz, 4 cores, 7G,  Windows 10 , 64 bit Build 19041 (10.0.19041.5915)
Time: Thu Aug 21 12:04:37 2025 India Standard Time elapsed time: 1.003109 seconds (0d 0h 0m 1s)

---------------  T H R E A D  ---------------

Current thread (0x00000176f83df290):  VMThread "VM Thread" [stack: 0x0000000107c00000,0x0000000107d00000] [id=7876]

Stack: [0x0000000107c00000,0x0000000107d00000]
Native frames: (J=compiled Java code, j=interpreted, Vv=VM code, C=native code)
V  [jvm.dll+0x67a04a]
V  [jvm.dll+0x7da4ed]
V  [jvm.dll+0x7dbe33]
V  [jvm.dll+0x7dc4a3]
V  [jvm.dll+0x24508f]
V  [jvm.dll+0x677089]
V  [jvm.dll+0x66bd32]
V  [jvm.dll+0x301fa6]
V  [jvm.dll+0x309546]
V  [jvm.dll+0x359d2e]
V  [jvm.dll+0x359f5f]
V  [jvm.dll+0x2d9078]
V  [jvm.dll+0x2d74ad]
V  [jvm.dll+0x2d6afc]
V  [jvm.dll+0x31a65b]
V  [jvm.dll+0x7e0d9b]
V  [jvm.dll+0x7e1ad4]
V  [jvm.dll+0x7e1fed]
V  [jvm.dll+0x7e23c4]
V  [jvm.dll+0x7e2490]
V  [jvm.dll+0x78abea]
V  [jvm.dll+0x678f35]
C  [ucrtbase.dll+0x21bb2]
C  [KERNEL32.DLL+0x17374]
C  [ntdll.dll+0x4cc91]

VM_Operation (0x00000001076fbd80): G1CollectForAllocation, mode: safepoint, requested by thread 0x00000176f8324630


---------------  P R O C E S S  ---------------

Threads class SMR info:
_java_thread_list=0x00000176db574a00, length=13, elements={
0x00000176f8324630, 0x00000176f83e3ea0, 0x00000176f83e4930, 0x00000176f83f8590,
0x00000176f83f9d70, 0x00000176f83fc350, 0x00000176f83fc920, 0x0000017695bc3b10,
0x0000017695bcc040, 0x0000017695bcf580, 0x0000017695bbca70, 0x00000176db0b27e0,
0x00000176db5bc3a0
}

Java Threads: ( => current thread )
  0x00000176f8324630 JavaThread "main" [_thread_blocked, id=6332, stack(0x0000000107600000,0x0000000107700000)]
  0x00000176f83e3ea0 JavaThread "Reference Handler" daemon [_thread_blocked, id=4504, stack(0x0000000107d00000,0x0000000107e00000)]
  0x00000176f83e4930 JavaThread "Finalizer" daemon [_thread_blocked, id=4688, stack(0x0000000107e00000,0x0000000107f00000)]
  0x00000176f83f8590 JavaThread "Signal Dispatcher" daemon [_thread_blocked, id=8164, stack(0x0000000107f00000,0x0000000108000000)]
  0x00000176f83f9d70 JavaThread "Attach Listener" daemon [_thread_blocked, id=528, stack(0x0000000108000000,0x0000000108100000)]
  0x00000176f83fc350 JavaThread "Service Thread" daemon [_thread_blocked, id=1252, stack(0x0000000108100000,0x0000000108200000)]
  0x00000176f83fc920 JavaThread "Monitor Deflation Thread" daemon [_thread_blocked, id=11072, stack(0x0000000108200000,0x0000000108300000)]
  0x0000017695bc3b10 JavaThread "C2 CompilerThread0" daemon [_thread_blocked, id=7820, stack(0x0000000108300000,0x0000000108400000)]
  0x0000017695bcc040 JavaThread "C1 CompilerThread0" daemon [_thread_blocked, id=7644, stack(0x0000000108400000,0x0000000108500000)]
  0x0000017695bcf580 JavaThread "Sweeper thread" daemon [_thread_blocked, id=6592, stack(0x0000000108500000,0x0000000108600000)]
  0x0000017695bbca70 JavaThread "Common-Cleaner" daemon [_thread_blocked, id=2092, stack(0x0000000108600000,0x0000000108700000)]
  0x00000176db0b27e0 JavaThread "Notification Thread" daemon [_thread_blocked, id=7456, stack(0x0000000108700000,0x0000000108800000)]
  0x00000176db5bc3a0 JavaThread "C2 CompilerThread1" daemon [_thread_blocked, id=5336, stack(0x0000000108c00000,0x0000000108d00000)]

Other Threads:
=>0x00000176f83df290 VMThread "VM Thread" [stack: 0x0000000107c00000,0x0000000107d00000] [id=7876]
  0x00000176db0d8bc0 WatcherThread [stack: 0x0000000108800000,0x0000000108900000] [id=5468]
  0x00000176f837e6e0 GCTaskThread "GC Thread#0" [stack: 0x0000000107700000,0x0000000107800000] [id=4848]
  0x00000176db266960 GCTaskThread "GC Thread#1" [stack: 0x0000000108900000,0x0000000108a00000] [id=10216]
  0x00000176db298630 GCTaskThread "GC Thread#2" [stack: 0x0000000108a00000,0x0000000108b00000] [id=9320]
  0x00000176db2988f0 GCTaskThread "GC Thread#3" [stack: 0x0000000108b00000,0x0000000108c00000] [id=5732]
  0x00000176f8390340 ConcurrentGCThread "G1 Main Marker" [stack: 0x0000000107800000,0x0000000107900000] [id=2856]
  0x00000176f83914f0 ConcurrentGCThread "G1 Conc#0" [stack: 0x0000000107900000,0x0000000107a00000] [id=4480]
  0x00000176f83ae400 ConcurrentGCThread "G1 Refine#0" [stack: 0x0000000107a00000,0x0000000107b00000] [id=9316]
  0x00000176f83b0a50 ConcurrentGCThread "G1 Service" [stack: 0x0000000107b00000,0x0000000107c00000] [id=11152]

Threads with active compile tasks:
C2 CompilerThread0     1067 1349       4       jdk.internal.jimage.ImageLocation::getFullName (109 bytes)
C1 CompilerThread0     1067 1441       3       jdk.internal.org.objectweb.asm.MethodWriter::putMethodInfo (1274 bytes)

VM state: at safepoint (normal execution)

VM Mutex/Monitor currently owned by a thread:  ([mutex/lock_event])
[0x00000176f831eb50] Threads_lock - owner thread: 0x00000176f83df290
[0x00000176f831f060] Heap_lock - owner thread: 0x00000176f8324630

Heap address: 0x0000000081800000, size: 2024 MB, Compressed Oops mode: 32-bit

CDS archive(s) mapped at: [0x0000017696000000-0x0000017696bd0000-0x0000017696bd0000), size 12386304, SharedBaseAddress: 0x0000017696000000, ArchiveRelocationMode: 1.
Compressed class space mapped at: 0x0000017697000000-0x00000176d7000000, reserved size: 1073741824
Narrow klass base: 0x0000017696000000, Narrow klass shift: 0, Narrow klass range: 0x100000000

GC Precious Log:
 CPUs: 4 total, 4 available
 Memory: 8091M
 Large Page Support: Disabled
 NUMA Support: Disabled
 Compressed Oops: Enabled (32-bit)
 Heap Region Size: 1M
 Heap Min Capacity: 8M
 Heap Initial Capacity: 8M
 Heap Max Capacity: 2024M
 Pre-touch: Disabled
 Parallel Workers: 4
 Concurrent Workers: 1
 Concurrent Refinement Workers: 4
 Periodic GC: Disabled

Heap:
 garbage-first heap   total 17408K, used 8434K [0x0000000081800000, 0x0000000100000000)
  region size 1024K, 1 young (1024K), 1 survivors (1024K)
 Metaspace       used 8855K, committed 9088K, reserved 1114112K
  class space    used 1022K, committed 1152K, reserved 1048576K

Heap Regions: E=young(eden), S=young(survivor), O=old, HS=humongous(starts), HC=humongous(continues), CS=collection set, F=free, OA=open archive, CA=closed archive, TAMS=top-at-mark-start (previous, next)
|   0|0x0000000081800000, 0x0000000081900000, 0x0000000081900000|100%| O|  |TAMS 0x0000000081800000, 0x0000000081800000| Untracked 
|   1|0x0000000081900000, 0x0000000081a00000, 0x0000000081a00000|100%| O|  |TAMS 0x0000000081900000, 0x0000000081900000| Untracked 
|   2|0x0000000081a00000, 0x0000000081b00000, 0x0000000081b00000|100%| O|  |TAMS 0x0000000081a00000, 0x0000000081a00000| Untracked 
|   3|0x0000000081b00000, 0x0000000081c00000, 0x0000000081c00000|100%| O|  |TAMS 0x0000000081b00000, 0x0000000081b00000| Untracked 
|   4|0x0000000081c00000, 0x0000000081d00000, 0x0000000081d00000|100%| O|  |TAMS 0x0000000081c00000, 0x0000000081c00000| Untracked 
|   5|0x0000000081d00000, 0x0000000081e00000, 0x0000000081e00000|100%| O|  |TAMS 0x0000000081d00000, 0x0000000081d00000| Untracked 
|   6|0x0000000081e00000, 0x0000000081f00000, 0x0000000081f00000|100%| O|  |TAMS 0x0000000081e00000, 0x0000000081e00000| Untracked 
|   7|0x0000000081f00000, 0x0000000081f73a00, 0x0000000082000000| 45%| O|  |TAMS 0x0000000081f00000, 0x0000000081f00000| Untracked 
|   8|0x0000000082000000, 0x0000000082000000, 0x0000000082100000|  0%| F|  |TAMS 0x0000000082000000, 0x0000000082000000| Untracked 
|   9|0x0000000082100000, 0x0000000082100000, 0x0000000082200000|  0%| F|  |TAMS 0x0000000082100000, 0x0000000082100000| Untracked 
|  10|0x0000000082200000, 0x0000000082200000, 0x0000000082300000|  0%| F|  |TAMS 0x0000000082200000, 0x0000000082200000| Untracked 
|  11|0x0000000082300000, 0x00000000823c91d8, 0x0000000082400000| 78%| S|CS|TAMS 0x0000000082300000, 0x0000000082300000| Complete 
|  12|0x0000000082400000, 0x0000000082400000, 0x0000000082500000|  0%| F|  |TAMS 0x0000000082400000, 0x0000000082400000| Untracked 
|  13|0x0000000082500000, 0x0000000082500000, 0x0000000082600000|  0%| F|  |TAMS 0x0000000082500000, 0x0000000082500000| Untracked 
|  14|0x0000000082600000, 0x0000000082600000, 0x0000000082700000|  0%| F|  |TAMS 0x0000000082600000, 0x0000000082600000| Untracked 
|  15|0x0000000082700000, 0x0000000082700000, 0x0000000082800000|  0%| F|  |TAMS 0x0000000082700000, 0x0000000082700000| Untracked 
|  16|0x0000000082800000, 0x0000000082800000, 0x0000000082900000|  0%| F|  |TAMS 0x0000000082800000, 0x0000000082800000| Untracked 

Card table byte_map: [0x000001768f000000,0x000001768f400000] _byte_map_base: 0x000001768ebf4000

Marking Bits (Prev, Next): (CMBitMap*) 0x00000176f837fd10, (CMBitMap*) 0x00000176f837fd50
 Prev Bits: [0x000001768f800000, 0x00000176917a0000)
 Next Bits: [0x00000176917a0000, 0x0000017693740000)

Polling page: 0x00000176f64d0000

Metaspace:

Usage:
  Non-class:      7.65 MB used.
      Class:   1022.88 KB used.
       Both:      8.65 MB used.

Virtual space:
  Non-class space:       64.00 MB reserved,       7.75 MB ( 12%) committed,  1 nodes.
      Class space:        1.00 GB reserved,       1.12 MB ( <1%) committed,  1 nodes.
             Both:        1.06 GB reserved,       8.88 MB ( <1%) committed. 

Chunk freelists:
   Non-Class:  5.94 MB
       Class:  14.86 MB
        Both:  20.80 MB

MaxMetaspaceSize: unlimited
CompressedClassSpaceSize: 1.00 GB
Initial GC threshold: 21.00 MB
Current GC threshold: 21.00 MB
CDS: on
MetaspaceReclaimPolicy: balanced
 - commit_granule_bytes: 65536.
 - commit_granule_words: 8192.
 - virtual_space_node_default_size: 8388608.
 - enlarge_chunks_in_place: 1.
 - new_chunks_are_fully_committed: 0.
 - uncommit_free_chunks: 1.
 - use_allocation_guard: 0.
 - handle_deallocations: 1.


Internal statistics:

num_allocs_failed_limit: 0.
num_arena_births: 74.
num_arena_deaths: 0.
num_vsnodes_births: 2.
num_vsnodes_deaths: 0.
num_space_committed: 142.
num_space_uncommitted: 0.
num_chunks_returned_to_freelist: 0.
num_chunks_taken_from_freelist: 379.
num_chunk_merges: 0.
num_chunk_splits: 261.
num_chunks_enlarged: 201.
num_inconsistent_stats: 0.

CodeHeap 'non-profiled nmethods': size=120000Kb used=500Kb max_used=500Kb free=119499Kb
 bounds [0x0000017687ad0000, 0x0000017687d40000, 0x000001768f000000]
CodeHeap 'profiled nmethods': size=120000Kb used=2654Kb max_used=2654Kb free=117345Kb
 bounds [0x0000017680000000, 0x00000176802a0000, 0x0000017687530000]
CodeHeap 'non-nmethods': size=5760Kb used=1129Kb max_used=1171Kb free=4630Kb
 bounds [0x0000017687530000, 0x00000176877a0000, 0x0000017687ad0000]
 total_blobs=1845 nmethods=1439 adapters=318
 compilation: enabled
              stopped_count=0, restarted_count=0
 full_count=0

Compilation events (20 events):
Event: 0.979 Thread 0x0000017695bcc040 1432       3       sun.invoke.util.Wrapper::forPrimitiveType (49 bytes)
Event: 0.981 Thread 0x00000176db5bc3a0 nmethod 1415 0x0000017687b4cf10 code [0x0000017687b4d080, 0x0000017687b4d238]
Event: 0.981 Thread 0x0000017695bcc040 nmethod 1432 0x0000017680290390 code [0x0000017680290700, 0x0000017680291aa8]
Event: 0.981 Thread 0x0000017695bcc040 1434       3       jdk.internal.org.objectweb.asm.Frame::getLocal (46 bytes)
Event: 0.981 Thread 0x0000017695bcc040 nmethod 1434 0x0000017680292210 code [0x00000176802923c0, 0x00000176802925f8]
Event: 0.981 Thread 0x0000017695bcc040 1431       3       java.lang.invoke.MemberName::<init> (139 bytes)
Event: 0.982 Thread 0x0000017695bcc040 nmethod 1431 0x0000017680292710 code [0x0000017680292a40, 0x0000017680293c98]
Event: 0.984 Thread 0x0000017695bcc040 1435       3       jdk.internal.org.objectweb.asm.Label::resolve (219 bytes)
Event: 0.984 Thread 0x0000017695bcc040 nmethod 1435 0x0000017680294210 code [0x00000176802943e0, 0x0000017680294918]
Event: 0.984 Thread 0x0000017695bcc040 1436       3       java.lang.invoke.MethodHandles$Lookup::isClassAccessible (53 bytes)
Event: 0.985 Thread 0x0000017695bcc040 nmethod 1436 0x0000017680294c10 code [0x0000017680294e20, 0x00000176802953f8]
Event: 0.985 Thread 0x0000017695bcc040 1437       3       java.lang.Module::isNamed (13 bytes)
Event: 0.985 Thread 0x0000017695bcc040 nmethod 1437 0x0000017680295610 code [0x00000176802957a0, 0x0000017680295918]
Event: 0.986 Thread 0x0000017695bcc040 1438       3       jdk.internal.org.objectweb.asm.MethodWriter::visitEnd (1 bytes)
Event: 0.986 Thread 0x0000017695bcc040 nmethod 1438 0x0000017680295990 code [0x0000017680295b20, 0x0000017680295c38]
Event: 0.987 Thread 0x0000017695bcc040 1439       3       jdk.internal.org.objectweb.asm.MethodWriter::computeMethodInfoSize (571 bytes)
Event: 0.988 Thread 0x0000017695bcc040 nmethod 1439 0x0000017680295d10 code [0x0000017680296040, 0x0000017680296f88]
Event: 0.988 Thread 0x0000017695bcc040 1440       3       jdk.internal.org.objectweb.asm.MethodWriter::hasFrames (13 bytes)
Event: 0.989 Thread 0x0000017695bcc040 nmethod 1440 0x0000017680297610 code [0x00000176802977a0, 0x0000017680297918]
Event: 0.989 Thread 0x0000017695bcc040 1441       3       jdk.internal.org.objectweb.asm.MethodWriter::putMethodInfo (1274 bytes)

GC Heap History (20 events):
Event: 0.413 GC heap after
{Heap after GC invocations=3 (full 0):
 garbage-first heap   total 8192K, used 2247K [0x0000000081800000, 0x0000000100000000)
  region size 1024K, 1 young (1024K), 1 survivors (1024K)
 Metaspace       used 7098K, committed 7296K, reserved 1114112K
  class space    used 833K, committed 896K, reserved 1048576K
}
Event: 0.472 GC heap before
{Heap before GC invocations=3 (full 0):
 garbage-first heap   total 8192K, used 3271K [0x0000000081800000, 0x0000000100000000)
  region size 1024K, 2 young (2048K), 1 survivors (1024K)
 Metaspace       used 7545K, committed 7680K, reserved 1114112K
  class space    used 879K, committed 960K, reserved 1048576K
}
Event: 0.475 GC heap after
{Heap after GC invocations=4 (full 0):
 garbage-first heap   total 8192K, used 2513K [0x0000000081800000, 0x0000000100000000)
  region size 1024K, 1 young (1024K), 1 survivors (1024K)
 Metaspace       used 7545K, committed 7680K, reserved 1114112K
  class space    used 879K, committed 960K, reserved 1048576K
}
Event: 0.517 GC heap before
{Heap before GC invocations=4 (full 0):
 garbage-first heap   total 8192K, used 3537K [0x0000000081800000, 0x0000000100000000)
  region size 1024K, 2 young (2048K), 1 survivors (1024K)
 Metaspace       used 7701K, committed 7872K, reserved 1114112K
  class space    used 896K, committed 960K, reserved 1048576K
}
Event: 0.519 GC heap after
{Heap after GC invocations=5 (full 0):
 garbage-first heap   total 10240K, used 2925K [0x0000000081800000, 0x0000000100000000)
  region size 1024K, 1 young (1024K), 1 survivors (1024K)
 Metaspace       used 7701K, committed 7872K, reserved 1114112K
  class space    used 896K, committed 960K, reserved 1048576K
}
Event: 0.608 GC heap before
{Heap before GC invocations=5 (full 0):
 garbage-first heap   total 10240K, used 4973K [0x0000000081800000, 0x0000000100000000)
  region size 1024K, 3 young (3072K), 1 survivors (1024K)
 Metaspace       used 7952K, committed 8128K, reserved 1114112K
  class space    used 926K, committed 1024K, reserved 1048576K
}
Event: 0.610 GC heap after
{Heap after GC invocations=6 (full 0):
 garbage-first heap   total 10240K, used 3389K [0x0000000081800000, 0x0000000100000000)
  region size 1024K, 1 young (1024K), 1 survivors (1024K)
 Metaspace       used 7952K, committed 8128K, reserved 1114112K
  class space    used 926K, committed 1024K, reserved 1048576K
}
Event: 0.641 GC heap before
{Heap before GC invocations=6 (full 0):
 garbage-first heap   total 10240K, used 5437K [0x0000000081800000, 0x0000000100000000)
  region size 1024K, 3 young (3072K), 1 survivors (1024K)
 Metaspace       used 8064K, committed 8256K, reserved 1114112K
  class space    used 935K, committed 1024K, reserved 1048576K
}
Event: 0.642 GC heap after
{Heap after GC invocations=7 (full 0):
 garbage-first heap   total 10240K, used 3692K [0x0000000081800000, 0x0000000100000000)
  region size 1024K, 1 young (1024K), 1 survivors (1024K)
 Metaspace       used 8064K, committed 8256K, reserved 1114112K
  class space    used 935K, committed 1024K, reserved 1048576K
}
Event: 0.658 GC heap before
{Heap before GC invocations=7 (full 0):
 garbage-first heap   total 10240K, used 5740K [0x0000000081800000, 0x0000000100000000)
  region size 1024K, 3 young (3072K), 1 survivors (1024K)
 Metaspace       used 8079K, committed 8256K, reserved 1114112K
  class space    used 935K, committed 1024K, reserved 1048576K
}
Event: 0.660 GC heap after
{Heap after GC invocations=8 (full 0):
 garbage-first heap   total 10240K, used 3978K [0x0000000081800000, 0x0000000100000000)
  region size 1024K, 1 young (1024K), 1 survivors (1024K)
 Metaspace       used 8079K, committed 8256K, reserved 1114112K
  class space    used 935K, committed 1024K, reserved 1048576K
}
Event: 0.670 GC heap before
{Heap before GC invocations=8 (full 0):
 garbage-first heap   total 10240K, used 6026K [0x0000000081800000, 0x0000000100000000)
  region size 1024K, 3 young (3072K), 1 survivors (1024K)
 Metaspace       used 8080K, committed 8256K, reserved 1114112K
  class space    used 935K, committed 1024K, reserved 1048576K
}
Event: 0.672 GC heap after
{Heap after GC invocations=9 (full 0):
 garbage-first heap   total 17408K, used 4387K [0x0000000081800000, 0x0000000100000000)
  region size 1024K, 1 young (1024K), 1 survivors (1024K)
 Metaspace       used 8080K, committed 8256K, reserved 1114112K
  class space    used 935K, committed 1024K, reserved 1048576K
}
Event: 0.761 GC heap before
{Heap before GC invocations=9 (full 0):
 garbage-first heap   total 17408K, used 8483K [0x0000000081800000, 0x0000000100000000)
  region size 1024K, 6 young (6144K), 1 survivors (1024K)
 Metaspace       used 8292K, committed 8512K, reserved 1114112K
  class space    used 957K, committed 1088K, reserved 1048576K
}
Event: 0.766 GC heap after
{Heap after GC invocations=10 (full 0):
 garbage-first heap   total 17408K, used 5398K [0x0000000081800000, 0x0000000100000000)
  region size 1024K, 1 young (1024K), 1 survivors (1024K)
 Metaspace       used 8292K, committed 8512K, reserved 1114112K
  class space    used 957K, committed 1088K, reserved 1048576K
}
Event: 0.802 GC heap before
{Heap before GC invocations=10 (full 0):
 garbage-first heap   total 17408K, used 10518K [0x0000000081800000, 0x0000000100000000)
  region size 1024K, 6 young (6144K), 1 survivors (1024K)
 Metaspace       used 8304K, committed 8512K, reserved 1114112K
  class space    used 957K, committed 1088K, reserved 1048576K
}
Event: 0.806 GC heap after
{Heap after GC invocations=11 (full 0):
 garbage-first heap   total 17408K, used 6744K [0x0000000081800000, 0x0000000100000000)
  region size 1024K, 1 young (1024K), 1 survivors (1024K)
 Metaspace       used 8304K, committed 8512K, reserved 1114112K
  class space    used 957K, committed 1088K, reserved 1048576K
}
Event: 0.858 GC heap before
{Heap before GC invocations=11 (full 0):
 garbage-first heap   total 17408K, used 10840K [0x0000000081800000, 0x0000000100000000)
  region size 1024K, 5 young (5120K), 1 survivors (1024K)
 Metaspace       used 8391K, committed 8640K, reserved 1114112K
  class space    used 966K, committed 1088K, reserved 1048576K
}
Event: 0.861 GC heap after
{Heap after GC invocations=12 (full 0):
 garbage-first heap   total 17408K, used 7607K [0x0000000081800000, 0x0000000100000000)
  region size 1024K, 1 young (1024K), 1 survivors (1024K)
 Metaspace       used 8391K, committed 8640K, reserved 1114112K
  class space    used 966K, committed 1088K, reserved 1048576K
}
Event: 0.992 GC heap before
{Heap before GC invocations=12 (full 0):
 garbage-first heap   total 17408K, used 10679K [0x0000000081800000, 0x0000000100000000)
  region size 1024K, 5 young (5120K), 1 survivors (1024K)
 Metaspace       used 8855K, committed 9088K, reserved 1114112K
  class space    used 1022K, committed 1152K, reserved 1048576K
}

Deoptimization events (20 events):
Event: 0.692 Thread 0x00000176f8324630 Uncommon trap: trap_request=0xffffff45 fr.pc=0x0000017687b06360 relative=0x0000000000000060
Event: 0.692 Thread 0x00000176f8324630 Uncommon trap: reason=unstable_if action=reinterpret pc=0x0000017687b06360 method=com.sun.tools.javac.jvm.PoolReader.sizeof(I)I @ 1 c2
Event: 0.692 Thread 0x00000176f8324630 DEOPT PACKING pc=0x0000017687b06360 sp=0x00000001076fd610
Event: 0.692 Thread 0x00000176f8324630 DEOPT UNPACKING pc=0x00000176875823a3 sp=0x00000001076fd5a0 mode 2
Event: 0.703 Thread 0x00000176f8324630 Uncommon trap: trap_request=0xffffff45 fr.pc=0x0000017687b1d280 relative=0x0000000000000920
Event: 0.703 Thread 0x00000176f8324630 Uncommon trap: reason=unstable_if action=reinterpret pc=0x0000017687b1d280 method=jdk.internal.jimage.ImageStringsReader.stringFromByteBuffer(Ljava/nio/ByteBuffer;I)Ljava/lang/String; @ 7 c2
Event: 0.703 Thread 0x00000176f8324630 DEOPT PACKING pc=0x0000017687b1d280 sp=0x00000001076fd010
Event: 0.703 Thread 0x00000176f8324630 DEOPT UNPACKING pc=0x00000176875823a3 sp=0x00000001076fcea0 mode 2
Event: 0.703 Thread 0x00000176f8324630 Uncommon trap: trap_request=0xffffff45 fr.pc=0x0000017687b15b50 relative=0x0000000000000890
Event: 0.703 Thread 0x00000176f8324630 Uncommon trap: reason=unstable_if action=reinterpret pc=0x0000017687b15b50 method=jdk.internal.jimage.ImageStringsReader.stringFromByteBuffer(Ljava/nio/ByteBuffer;I)Ljava/lang/String; @ 7 c2
Event: 0.703 Thread 0x00000176f8324630 DEOPT PACKING pc=0x0000017687b15b50 sp=0x00000001076fce80
Event: 0.703 Thread 0x00000176f8324630 DEOPT UNPACKING pc=0x00000176875823a3 sp=0x00000001076fce38 mode 2
Event: 0.718 Thread 0x00000176f8324630 Uncommon trap: trap_request=0xffffff6e fr.pc=0x0000017687b1bc6c relative=0x000000000000034c
Event: 0.718 Thread 0x00000176f8324630 Uncommon trap: reason=loop_limit_check action=maybe_recompile pc=0x0000017687b1bc6c method=java.lang.StringLatin1.indexOf([BI[BII)I @ 37 c2
Event: 0.718 Thread 0x00000176f8324630 DEOPT PACKING pc=0x0000017687b1bc6c sp=0x00000001076fd930
Event: 0.718 Thread 0x00000176f8324630 DEOPT UNPACKING pc=0x00000176875823a3 sp=0x00000001076fd890 mode 2
Event: 0.721 Thread 0x00000176f8324630 Uncommon trap: trap_request=0xffffff45 fr.pc=0x0000017687b1f9b4 relative=0x0000000000000874
Event: 0.721 Thread 0x00000176f8324630 Uncommon trap: reason=unstable_if action=reinterpret pc=0x0000017687b1f9b4 method=jdk.internal.jimage.ImageStringsReader.stringFromByteBuffer(Ljava/nio/ByteBuffer;I)Ljava/lang/String; @ 7 c2
Event: 0.721 Thread 0x00000176f8324630 DEOPT PACKING pc=0x0000017687b1f9b4 sp=0x00000001076fd7e0
Event: 0.721 Thread 0x00000176f8324630 DEOPT UNPACKING pc=0x00000176875823a3 sp=0x00000001076fd730 mode 2

Classes unloaded (0 events):
No events

Classes redefined (0 events):
No events

Internal exceptions (20 events):
Event: 0.334 Thread 0x00000176f8324630 Exception <a 'java/lang/NoSuchMethodError'{0x0000000081f254c0}: 'java.lang.Object java.lang.invoke.DirectMethodHandle$Holder.newInvokeSpecial(java.lang.Object, java.lang.Object, java.lang.Object, java.lang.Object, java.lang.Object, java.lang.Object)'> (0x0000000081f254c0) 
thrown [s\open\src\hotspot\share\interpreter\linkResolver.cpp, line 759]
Event: 0.353 Thread 0x00000176f8324630 Exception <a 'java/lang/NoSuchMethodError'{0x0000000081f6f780}: 'java.lang.Object java.lang.invoke.DirectMethodHandle$Holder.invokeVirtual(java.lang.Object, java.lang.Object, java.lang.Object)'> (0x0000000081f6f780) 
thrown [s\open\src\hotspot\share\interpreter\linkResolver.cpp, line 759]
Event: 0.354 Thread 0x00000176f8324630 Exception <a 'java/lang/NoSuchMethodError'{0x0000000081f7a888}: 'int java.lang.invoke.DirectMethodHandle$Holder.invokeInterface(java.lang.Object, java.lang.Object)'> (0x0000000081f7a888) 
thrown [s\open\src\hotspot\share\interpreter\linkResolver.cpp, line 759]
Event: 0.355 Thread 0x00000176f8324630 Exception <a 'sun/nio/fs/WindowsException'{0x0000000081f82af0}> (0x0000000081f82af0) 
thrown [s\open\src\hotspot\share\prims\jni.cpp, line 516]
Event: 0.356 Thread 0x00000176f8324630 Exception <a 'sun/nio/fs/WindowsException'{0x0000000081f82e88}> (0x0000000081f82e88) 
thrown [s\open\src\hotspot\share\prims\jni.cpp, line 516]
Event: 0.363 Thread 0x00000176f8324630 Exception <a 'java/lang/NoSuchMethodError'{0x0000000081f9cc88}: 'java.lang.Object java.lang.invoke.DirectMethodHandle$Holder.invokeStaticInit(java.lang.Object)'> (0x0000000081f9cc88) 
thrown [s\open\src\hotspot\share\interpreter\linkResolver.cpp, line 759]
Event: 0.471 Thread 0x00000176f8324630 Exception <a 'java/lang/NoSuchMethodError'{0x0000000081ff5e50}: 'java.lang.Object java.lang.invoke.DirectMethodHandle$Holder.invokeVirtual(java.lang.Object, java.lang.Object, java.lang.Object, int, int)'> (0x0000000081ff5e50) 
thrown [s\open\src\hotspot\share\interpreter\linkResolver.cpp, line 759]
Event: 0.472 Thread 0x00000176f8324630 Exception <a 'java/lang/NoSuchMethodError'{0x0000000081ffcfa0}: 'java.lang.Object java.lang.invoke.DirectMethodHandle$Holder.invokeVirtual(java.lang.Object, java.lang.Object, int)'> (0x0000000081ffcfa0) 
thrown [s\open\src\hotspot\share\interpreter\linkResolver.cpp, line 759]
Event: 0.477 Thread 0x00000176f8324630 Exception <a 'java/lang/NoSuchMethodError'{0x0000000081f06ae8}: 'java.lang.Object java.lang.invoke.DirectMethodHandle$Holder.invokeSpecial(java.lang.Object, java.lang.Object, java.lang.Object, int, int)'> (0x0000000081f06ae8) 
thrown [s\open\src\hotspot\share\interpreter\linkResolver.cpp, line 759]
Event: 0.528 Thread 0x00000176f8324630 Exception <a 'java/lang/NoSuchMethodError'{0x0000000082149ae8}: 'void java.lang.invoke.DirectMethodHandle$Holder.invokeStatic(java.lang.Object, java.lang.Object)'> (0x0000000082149ae8) 
thrown [s\open\src\hotspot\share\interpreter\linkResolver.cpp, line 759]
Event: 0.530 Thread 0x00000176f8324630 Exception <a 'sun/nio/fs/WindowsException'{0x0000000082153990}> (0x0000000082153990) 
thrown [s\open\src\hotspot\share\prims\jni.cpp, line 516]
Event: 0.632 Thread 0x00000176f8324630 Exception <a 'java/lang/NoSuchMethodError'{0x00000000820091d0}: 'int java.lang.invoke.DirectMethodHandle$Holder.invokeSpecial(java.lang.Object, java.lang.Object, java.lang.Object)'> (0x00000000820091d0) 
thrown [s\open\src\hotspot\share\interpreter\linkResolver.cpp, line 759]
Event: 0.634 Thread 0x00000176f8324630 Exception <a 'sun/nio/fs/WindowsException'{0x0000000082013898}> (0x0000000082013898) 
thrown [s\open\src\hotspot\share\prims\jni.cpp, line 516]
Event: 0.634 Thread 0x00000176f8324630 Exception <a 'sun/nio/fs/WindowsException'{0x0000000082013a30}> (0x0000000082013a30) 
thrown [s\open\src\hotspot\share\prims\jni.cpp, line 516]
Event: 0.656 Thread 0x00000176f8324630 Exception <a 'sun/nio/fs/WindowsException'{0x0000000082089108}> (0x0000000082089108) 
thrown [s\open\src\hotspot\share\prims\jni.cpp, line 516]
Event: 0.656 Thread 0x00000176f8324630 Exception <a 'sun/nio/fs/WindowsException'{0x00000000820892a0}> (0x00000000820892a0) 
thrown [s\open\src\hotspot\share\prims\jni.cpp, line 516]
Event: 0.690 Thread 0x00000176f8324630 Exception <a 'java/lang/NoSuchMethodError'{0x00000000827f96b0}: 'java.lang.Object java.lang.invoke.DirectMethodHandle$Holder.invokeInterface(java.lang.Object, java.lang.Object)'> (0x00000000827f96b0) 
thrown [s\open\src\hotspot\share\interpreter\linkResolver.cpp, line 759]
Event: 0.692 Thread 0x00000176f8324630 Exception <a 'java/lang/NoSuchMethodError'{0x00000000826076a8}: 'java.lang.Object java.lang.invoke.DirectMethodHandle$Holder.invokeStatic(java.lang.Object, java.lang.Object, int, int)'> (0x00000000826076a8) 
thrown [s\open\src\hotspot\share\interpreter\linkResolver.cpp, line 759]
Event: 0.829 Thread 0x00000176f8324630 Exception <a 'java/lang/NoSuchMethodError'{0x00000000827931f0}: 'void java.lang.invoke.DirectMethodHandle$Holder.invokeSpecial(java.lang.Object, java.lang.Object, java.lang.Object, java.lang.Object, java.lang.Object)'> (0x00000000827931f0) 
thrown [s\open\src\hotspot\share\interpreter\linkResolver.cpp, line 759]
Event: 0.980 Thread 0x00000176f8324630 Exception <a 'java/lang/NoSuchMethodError'{0x00000000825d2938}: 'int java.lang.invoke.DirectMethodHandle$Holder.invokeStatic(java.lang.Object, java.lang.Object, java.lang.Object, java.lang.Object)'> (0x00000000825d2938) 
thrown [s\open\src\hotspot\share\interpreter\linkResolver.cpp, line 759]

VM Operations (20 events):
Event: 0.519 Executing VM operation: G1CollectForAllocation done
Event: 0.608 Executing VM operation: G1CollectForAllocation
Event: 0.610 Executing VM operation: G1CollectForAllocation done
Event: 0.641 Executing VM operation: G1CollectForAllocation
Event: 0.642 Executing VM operation: G1CollectForAllocation done
Event: 0.658 Executing VM operation: G1CollectForAllocation
Event: 0.660 Executing VM operation: G1CollectForAllocation done
Event: 0.670 Executing VM operation: G1CollectForAllocation
Event: 0.672 Executing VM operation: G1CollectForAllocation done
Event: 0.703 Executing VM operation: HandshakeAllThreads
Event: 0.703 Executing VM operation: HandshakeAllThreads done
Event: 0.761 Executing VM operation: G1CollectForAllocation
Event: 0.766 Executing VM operation: G1CollectForAllocation done
Event: 0.802 Executing VM operation: G1CollectForAllocation
Event: 0.806 Executing VM operation: G1CollectForAllocation done
Event: 0.858 Executing VM operation: G1CollectForAllocation
Event: 0.861 Executing VM operation: G1CollectForAllocation done
Event: 0.977 Executing VM operation: ICBufferFull
Event: 0.977 Executing VM operation: ICBufferFull done
Event: 0.992 Executing VM operation: G1CollectForAllocation

Events (20 events):
Event: 0.536 loading class java/util/stream/Nodes$SpinedNodeBuilder
Event: 0.536 loading class java/util/stream/Node$Builder
Event: 0.536 loading class java/util/stream/Node$Builder done
Event: 0.536 loading class java/util/stream/Nodes$SpinedNodeBuilder done
Event: 0.536 loading class sun/nio/fs/WindowsPath$WindowsPathWithAttributes
Event: 0.536 loading class sun/nio/fs/BasicFileAttributesHolder
Event: 0.536 loading class sun/nio/fs/BasicFileAttributesHolder done
Event: 0.536 loading class sun/nio/fs/WindowsPath$WindowsPathWithAttributes done
Event: 0.703 loading class jdk/internal/jimage/ImageReader$LinkNode
Event: 0.703 loading class jdk/internal/jimage/ImageReader$LinkNode done
Event: 0.817 loading class java/lang/invoke/MethodHandle$1
Event: 0.817 loading class java/lang/invoke/MethodHandle$1 done
Event: 0.881 loading class java/util/stream/ReduceOps$1
Event: 0.881 loading class java/util/stream/ReduceOps$1 done
Event: 0.881 loading class java/util/stream/ReduceOps$1ReducingSink
Event: 0.884 loading class java/util/stream/ReduceOps$1ReducingSink done
Event: 0.907 loading class java/util/stream/Nodes$FixedNodeBuilder
Event: 0.907 loading class java/util/stream/Nodes$ArrayNode
Event: 0.907 loading class java/util/stream/Nodes$ArrayNode done
Event: 0.907 loading class java/util/stream/Nodes$FixedNodeBuilder done


Dynamic libraries:
0x00007ff7ecad0000 - 0x00007ff7ecad8000 	C:\Program Files\Java\jdk-17\bin\javac.exe
0x00007ff8584d0000 - 0x00007ff8586c8000 	C:\Windows\SYSTEM32\ntdll.dll
0x00007ff8570a0000 - 0x00007ff857162000 	C:\Windows\System32\KERNEL32.DLL
0x00007ff855dc0000 - 0x00007ff8560b7000 	C:\Windows\System32\KERNELBASE.dll
0x00007ff855c90000 - 0x00007ff855d90000 	C:\Windows\System32\ucrtbase.dll
0x00007ff852880000 - 0x00007ff85289b000 	C:\Program Files\Java\jdk-17\bin\VCRUNTIME140.dll
0x00007ff852860000 - 0x00007ff852879000 	C:\Program Files\Java\jdk-17\bin\jli.dll
0x00007ff856510000 - 0x00007ff8565c1000 	C:\Windows\System32\ADVAPI32.dll
0x00007ff8573c0000 - 0x00007ff85745e000 	C:\Windows\System32\msvcrt.dll
0x00007ff857e80000 - 0x00007ff857f1f000 	C:\Windows\System32\sechost.dll
0x00007ff858290000 - 0x00007ff8583b6000 	C:\Windows\System32\RPCRT4.dll
0x00007ff855d90000 - 0x00007ff855db7000 	C:\Windows\System32\bcrypt.dll
0x00007ff8580f0000 - 0x00007ff85828d000 	C:\Windows\System32\USER32.dll
0x00007ff82ec30000 - 0x00007ff82eeca000 	C:\Windows\WinSxS\amd64_microsoft.windows.common-controls_6595b64144ccf1df_6.0.19041.5915_none_60b4b9d171f9c7c7\COMCTL32.dll
0x00007ff856470000 - 0x00007ff856492000 	C:\Windows\System32\win32u.dll
0x00007ff856630000 - 0x00007ff85665b000 	C:\Windows\System32\GDI32.dll
0x00007ff856350000 - 0x00007ff856469000 	C:\Windows\System32\gdi32full.dll
0x00007ff855b60000 - 0x00007ff855bfd000 	C:\Windows\System32\msvcp_win.dll
0x00007ff84fc40000 - 0x00007ff84fc4a000 	C:\Windows\SYSTEM32\VERSION.dll
0x00007ff857320000 - 0x00007ff85734f000 	C:\Windows\System32\IMM32.DLL
0x00007ff852f60000 - 0x00007ff852f6c000 	C:\Program Files\Java\jdk-17\bin\vcruntime140_1.dll
0x00007ff84ff30000 - 0x00007ff84ffbe000 	C:\Program Files\Java\jdk-17\bin\msvcp140.dll
0x00007ff80ff40000 - 0x00007ff810b20000 	C:\Program Files\Java\jdk-17\bin\server\jvm.dll
0x00007ff857e70000 - 0x00007ff857e78000 	C:\Windows\System32\PSAPI.DLL
0x00007ff846370000 - 0x00007ff846397000 	C:\Windows\SYSTEM32\WINMM.dll
0x00007ff83f1c0000 - 0x00007ff83f1c9000 	C:\Windows\SYSTEM32\WSOCK32.dll
0x00007ff857350000 - 0x00007ff8573bb000 	C:\Windows\System32\WS2_32.dll
0x00007ff853a00000 - 0x00007ff853a12000 	C:\Windows\SYSTEM32\kernel.appcore.dll
0x00007ff852940000 - 0x00007ff85294a000 	C:\Program Files\Java\jdk-17\bin\jimage.dll
0x00007ff846100000 - 0x00007ff846301000 	C:\Windows\SYSTEM32\DBGHELP.DLL
0x00007ff845220000 - 0x00007ff845254000 	C:\Windows\SYSTEM32\dbgcore.DLL
0x00007ff855c00000 - 0x00007ff855c82000 	C:\Windows\System32\bcryptPrimitives.dll
0x00007ff852910000 - 0x00007ff852935000 	C:\Program Files\Java\jdk-17\bin\java.dll
0x00007ff84fe50000 - 0x00007ff84ff27000 	C:\Program Files\Java\jdk-17\bin\jsvml.dll
0x00007ff857510000 - 0x00007ff857c7e000 	C:\Windows\System32\SHELL32.dll
0x00007ff853c00000 - 0x00007ff8543a4000 	C:\Windows\SYSTEM32\windows.storage.dll
0x00007ff856660000 - 0x00007ff8569b3000 	C:\Windows\System32\combase.dll
0x00007ff8554c0000 - 0x00007ff8554eb000 	C:\Windows\SYSTEM32\Wldp.dll
0x00007ff8583c0000 - 0x00007ff85848d000 	C:\Windows\System32\OLEAUT32.dll
0x00007ff857ce0000 - 0x00007ff857d8d000 	C:\Windows\System32\SHCORE.dll
0x00007ff857040000 - 0x00007ff85709b000 	C:\Windows\System32\shlwapi.dll
0x00007ff855a90000 - 0x00007ff855ab4000 	C:\Windows\SYSTEM32\profapi.dll
0x00007ff8528f0000 - 0x00007ff852909000 	C:\Program Files\Java\jdk-17\bin\net.dll
0x00007ff84f2f0000 - 0x00007ff84f3fa000 	C:\Windows\SYSTEM32\WINHTTP.dll
0x00007ff855220000 - 0x00007ff85528a000 	C:\Windows\system32\mswsock.dll
0x00007ff8528b0000 - 0x00007ff8528c6000 	C:\Program Files\Java\jdk-17\bin\nio.dll

dbghelp: loaded successfully - version: 4.0.5 - missing functions: none
symbol engine: initialized successfully - sym options: 0x614 - pdb path: .;C:\Program Files\Java\jdk-17\bin;C:\Windows\SYSTEM32;C:\Windows\WinSxS\amd64_microsoft.windows.common-controls_6595b64144ccf1df_6.0.19041.5915_none_60b4b9d171f9c7c7;C:\Program Files\Java\jdk-17\bin\server

VM Arguments:
jvm_args: -Dapplication.home=C:\Program Files\Java\jdk-17 --add-modules=ALL-DEFAULT -Xms8m -Djdk.module.main=jdk.compiler 
java_command: jdk.compiler/com.sun.tools.javac.Main Register.java
java_class_path (initial): <not set>
Launcher Type: SUN_STANDARD

[Global flags]
     intx CICompilerCount                          = 3                                         {product} {ergonomic}
     uint ConcGCThreads                            = 1                                         {product} {ergonomic}
     uint G1ConcRefinementThreads                  = 4                                         {product} {ergonomic}
   size_t G1HeapRegionSize                         = 1048576                                   {product} {ergonomic}
    uintx GCDrainStackTargetSize                   = 64                                        {product} {ergonomic}
   size_t InitialHeapSize                          = 8388608                                   {product} {command line}
   size_t MarkStackSize                            = 4194304                                   {product} {ergonomic}
   size_t MaxHeapSize                              = 2122317824                                {product} {ergonomic}
   size_t MaxNewSize                               = 1272971264                                {product} {ergonomic}
   size_t MinHeapDeltaBytes                        = 1048576                                   {product} {ergonomic}
   size_t MinHeapSize                              = 8388608                                   {product} {command line}
    uintx NonNMethodCodeHeapSize                   = 5832780                                {pd product} {ergonomic}
    uintx NonProfiledCodeHeapSize                  = 122912730                              {pd product} {ergonomic}
    uintx ProfiledCodeHeapSize                     = 122912730                              {pd product} {ergonomic}
    uintx ReservedCodeCacheSize                    = 251658240                              {pd product} {ergonomic}
     bool SegmentedCodeCache                       = true                                      {product} {ergonomic}
   size_t SoftMaxHeapSize                          = 2122317824                             {manageable} {ergonomic}
     bool UseCompressedClassPointers               = true                           {product lp64_product} {ergonomic}
     bool UseCompressedOops                        = true                           {product lp64_product} {ergonomic}
     bool UseG1GC                                  = true                                      {product} {ergonomic}
     bool UseLargePagesIndividualAllocation        = false                                  {pd product} {ergonomic}

Logging:
Log output configuration:
 #0: stdout all=warning uptime,level,tags
 #1: stderr all=off uptime,level,tags

Environment Variables:
PATH=C:\Users\LIVEWIRE\Documents\WINDOWS\bin;C:\Program Files\Common Files\Oracle\Java\javapath;C:\Users\LIVEWIRE\AppData\Local\Programs\Python\Python311\Scripts\;C:\Users\LIVEWIRE\AppData\Local\Programs\Python\Python311\;C:\Windows\system32;C:\Windows;C:\Windows\System32\Wbem;C:\Windows\System32\WindowsPowerShell\v1.0\;C:\Windows\System32\OpenSSH\;C:\Program Files\nodejs\;C:\ProgramData\chocolatey\bin;C:\mongosh\bin;C:\Program Files (x86)\Microsoft SQL Server\160\Tools\Binn\;C:\Program Files\Microsoft SQL Server\160\Tools\Binn\;C:\Program Files\Microsoft SQL Server\Client SDK\ODBC\170\Tools\Binn\;C:\Program Files\Microsoft SQL Server\160\DTS\Binn\;C:\Program Files (x86)\Microsoft SQL Server\160\DTS\Binn\;C:\Program Files\Git\cmd;C:\Windows\Microsoft.NET\Framework64\v4.0.30319\;C:\Users\LIVEWIRE\AppData\Local\Microsoft\WindowsApps;C:\Users\LIVEWIRE\AppData\Local\Programs\Microsoft VS Code\bin;C:\Users\LIVEWIRE\AppData\Roaming\npm;C:\Program Files\JetBrains\IntelliJ IDEA Educational Edition 2022.2.2\bin;;C:\mongosh\bin;C:\Program Files\JetBrains\PyCharm Edu 2022.2.2\bin;;C:\Program Files\JetBrains\PyCharm Community Edition 2023.3.3\bin;;C:\Users\LIVEWIRE\AppData\Local\GitHubDesktop\bin;C:\Windows\Microsoft.NET\Framework64\v4.0.30319\;
USERNAME=LIVEWIRE
OS=Windows_NT
PROCESSOR_IDENTIFIER=Intel64 Family 6 Model 94 Stepping 3, GenuineIntel



---------------  S Y S T E M  ---------------

OS:
 Windows 10 , 64 bit Build 19041 (10.0.19041.5915)
OS uptime: 0 days 1:36 hours

CPU: total 4 (initial active 4) (2 cores per cpu, 2 threads per core) family 6 model 94 stepping 3 microcode 0xcc, cx8, cmov, fxsr, ht, mmx, 3dnowpref, sse, sse2, sse3, ssse3, sse4.1, sse4.2, popcnt, lzcnt, tsc, tscinvbit, avx, avx2, aes, erms, clmul, bmi1, bmi2, adx, fma, vzeroupper, clflush, clflushopt

Memory: 4k page, system-wide physical 8091M (1845M free)
TotalPageFile size 10914M (AvailPageFile size 9M)
current process WorkingSet (physical memory assigned to process): 77M, peak: 77M
current process commit charge ("private bytes"): 103M, peak: 120M

vm_info: Java HotSpot(TM) 64-Bit Server VM (17.0.12+8-LTS-286) for windows-amd64 JRE (17.0.12+8-LTS-286), built on Jun  5 2024 06:46:59 by "mach5one" with MS VC++ 17.6 (VS2022)

END.
